<?xml version="1.0" encoding="UTF-8"?>
<testng-results ignored="0" total="5" passed="5" failed="0" skipped="0">
  <reporter-output>
  </reporter-output>
  <suite started-at="2025-08-14T01:23:33 EEST" name="Suite" finished-at="2025-08-14T01:26:49 EEST" duration-ms="195379">
    <groups>
    </groups>
    <test started-at="2025-08-14T01:23:33 EEST" name="remove" finished-at="2025-08-14T01:23:48 EEST" duration-ms="14921">
      <class name="Tests.RemoveProductFromCart">
        <test-method is-config="true" signature="openWebSite()[pri:0, instance:Tests.RemoveProductFromCart@4567f35d]" started-at="2025-08-14T01:23:33 EEST" name="openWebSite" finished-at="2025-08-14T01:23:39 EEST" duration-ms="5663" status="PASS">
          <reporter-output>
          </reporter-output>
        </test-method> <!-- openWebSite -->
        <test-method signature="RemoveProductFromCart()[pri:0, instance:Tests.RemoveProductFromCart@4567f35d]" started-at="2025-08-14T01:23:39 EEST" name="RemoveProductFromCart" finished-at="2025-08-14T01:23:48 EEST" duration-ms="8995" status="PASS">
          <reporter-output>
          </reporter-output>
        </test-method> <!-- RemoveProductFromCart -->
        <test-method is-config="true" signature="takeScreenShot(org.testng.ITestResult)[pri:0, instance:Tests.RemoveProductFromCart@4567f35d]" started-at="2025-08-14T01:23:48 EEST" name="takeScreenShot" finished-at="2025-08-14T01:23:48 EEST" duration-ms="2" status="PASS">
          <params>
            <param index="0">
              <value>
                <![CDATA[[TestResult name=RemoveProductFromCart status=SUCCESS method=RemoveProductFromCart.RemoveProductFromCart()[pri:0, instance:Tests.RemoveProductFromCart@4567f35d] output={null}]]]>
              </value>
            </param>
          </params>
          <reporter-output>
          </reporter-output>
        </test-method> <!-- takeScreenShot -->
        <test-method is-config="true" signature="closeWebSite()[pri:0, instance:Tests.RemoveProductFromCart@4567f35d]" started-at="2025-08-14T01:23:48 EEST" name="closeWebSite" finished-at="2025-08-14T01:23:48 EEST" duration-ms="203" status="PASS">
          <reporter-output>
          </reporter-output>
        </test-method> <!-- closeWebSite -->
      </class> <!-- Tests.RemoveProductFromCart -->
    </test> <!-- remove -->
    <test started-at="2025-08-14T01:23:49 EEST" name="Base" finished-at="2025-08-14T01:25:26 EEST" duration-ms="97020">
      <class name="Tests.CartHappyScenario">
        <test-method is-config="true" signature="openWebSite()[pri:0, instance:Tests.CartHappyScenario@35d019a3]" started-at="2025-08-14T01:23:49 EEST" name="openWebSite" finished-at="2025-08-14T01:23:54 EEST" duration-ms="5629" status="PASS">
          <reporter-output>
          </reporter-output>
        </test-method> <!-- openWebSite -->
        <test-method signature="testPlaceOrderRegisterWhileCheckout(java.lang.String,java.lang.String,java.lang.String,java.lang.String,java.lang.String,java.lang.String,java.lang.String,java.lang.String,java.lang.String,java.lang.String,java.lang.String,java.lang.String,java.lang.String,java.lang.String,java.lang.String,java.lang.String,java.lang.String)[pri:0, instance:Tests.CartHappyScenario@35d019a3]" started-at="2025-08-14T01:23:54 EEST" name="testPlaceOrderRegisterWhileCheckout" data-provider="getAData" finished-at="2025-08-14T01:25:25 EEST" duration-ms="91146" status="PASS">
          <params>
            <param index="0">
              <value>
                <![CDATA[Mrs]]>
              </value>
            </param>
            <param index="1">
              <value>
                <![CDATA[olaa166232323@gmail.com]]>
              </value>
            </param>
            <param index="2">
              <value>
                <![CDATA[Ola]]>
              </value>
            </param>
            <param index="3">
              <value>
                <![CDATA[yghh66]]>
              </value>
            </param>
            <param index="4">
              <value>
                <![CDATA[4]]>
              </value>
            </param>
            <param index="5">
              <value>
                <![CDATA[June]]>
              </value>
            </param>
            <param index="6">
              <value>
                <![CDATA[2000]]>
              </value>
            </param>
            <param index="7">
              <value>
                <![CDATA[Ola]]>
              </value>
            </param>
            <param index="8">
              <value>
                <![CDATA[Ali]]>
              </value>
            </param>
            <param index="9">
              <value>
                <![CDATA[Future]]>
              </value>
            </param>
            <param index="10">
              <value>
                <![CDATA[90th street]]>
              </value>
            </param>
            <param index="11">
              <value>
                <![CDATA[non]]>
              </value>
            </param>
            <param index="12">
              <value>
                <![CDATA[Canada]]>
              </value>
            </param>
            <param index="13">
              <value>
                <![CDATA[Cairo]]>
              </value>
            </param>
            <param index="14">
              <value>
                <![CDATA[NewCairo]]>
              </value>
            </param>
            <param index="15">
              <value>
                <![CDATA[16690]]>
              </value>
            </param>
            <param index="16">
              <value>
                <![CDATA[011111111]]>
              </value>
            </param>
          </params>
          <reporter-output>
          </reporter-output>
        </test-method> <!-- testPlaceOrderRegisterWhileCheckout -->
        <test-method is-config="true" signature="takeScreenShot(org.testng.ITestResult)[pri:0, instance:Tests.CartHappyScenario@35d019a3]" started-at="2025-08-14T01:25:25 EEST" name="takeScreenShot" finished-at="2025-08-14T01:25:25 EEST" duration-ms="1" status="PASS">
          <params>
            <param index="0">
              <value>
                <![CDATA[[TestResult name=testPlaceOrderRegisterWhileCheckout status=SUCCESS method=CartHappyScenario.testPlaceOrderRegisterWhileCheckout(java.lang.String,java.lang.String,java.lang.String,java.lang.String,java.lang.String,java.lang.String,java.lang.String,java.lang.String,java.lang.String,java.lang.String,java.lang.String,java.lang.String,java.lang.String,java.lang.String,java.lang.String,java.lang.String,java.lang.String)[pri:0, instance:Tests.CartHappyScenario@35d019a3] output={null}]]]>
              </value>
            </param>
          </params>
          <reporter-output>
          </reporter-output>
        </test-method> <!-- takeScreenShot -->
        <test-method is-config="true" signature="closeWebSite()[pri:0, instance:Tests.CartHappyScenario@35d019a3]" started-at="2025-08-14T01:25:25 EEST" name="closeWebSite" finished-at="2025-08-14T01:25:26 EEST" duration-ms="229" status="PASS">
          <reporter-output>
          </reporter-output>
        </test-method> <!-- closeWebSite -->
      </class> <!-- Tests.CartHappyScenario -->
    </test> <!-- Base -->
    <test started-at="2025-08-14T01:25:26 EEST" name="noRegester" finished-at="2025-08-14T01:25:56 EEST" duration-ms="30186">
      <class name="Tests.Registerbeforecheckout">
        <test-method is-config="true" signature="openWebSite()[pri:0, instance:Tests.Registerbeforecheckout@4c371370]" started-at="2025-08-14T01:25:26 EEST" name="openWebSite" finished-at="2025-08-14T01:25:31 EEST" duration-ms="5436" status="PASS">
          <reporter-output>
          </reporter-output>
        </test-method> <!-- openWebSite -->
        <test-method signature="testPlaceOrderRegisterBeforeeCheckout(java.lang.String,java.lang.String,java.lang.String,java.lang.String,java.lang.String,java.lang.String,java.lang.String,java.lang.String,java.lang.String,java.lang.String,java.lang.String,java.lang.String,java.lang.String,java.lang.String,java.lang.String,java.lang.String,java.lang.String)[pri:0, instance:Tests.Registerbeforecheckout@4c371370]" started-at="2025-08-14T01:25:31 EEST" name="testPlaceOrderRegisterBeforeeCheckout" data-provider="getAData" finished-at="2025-08-14T01:25:56 EEST" duration-ms="24518" status="PASS">
          <params>
            <param index="0">
              <value>
                <![CDATA[Mrs]]>
              </value>
            </param>
            <param index="1">
              <value>
                <![CDATA[olaa166232323@gmail.com]]>
              </value>
            </param>
            <param index="2">
              <value>
                <![CDATA[Ola]]>
              </value>
            </param>
            <param index="3">
              <value>
                <![CDATA[yghh66]]>
              </value>
            </param>
            <param index="4">
              <value>
                <![CDATA[4]]>
              </value>
            </param>
            <param index="5">
              <value>
                <![CDATA[June]]>
              </value>
            </param>
            <param index="6">
              <value>
                <![CDATA[2000]]>
              </value>
            </param>
            <param index="7">
              <value>
                <![CDATA[Ola]]>
              </value>
            </param>
            <param index="8">
              <value>
                <![CDATA[Ali]]>
              </value>
            </param>
            <param index="9">
              <value>
                <![CDATA[Future]]>
              </value>
            </param>
            <param index="10">
              <value>
                <![CDATA[90th street]]>
              </value>
            </param>
            <param index="11">
              <value>
                <![CDATA[non]]>
              </value>
            </param>
            <param index="12">
              <value>
                <![CDATA[Canada]]>
              </value>
            </param>
            <param index="13">
              <value>
                <![CDATA[Cairo]]>
              </value>
            </param>
            <param index="14">
              <value>
                <![CDATA[NewCairo]]>
              </value>
            </param>
            <param index="15">
              <value>
                <![CDATA[16690]]>
              </value>
            </param>
            <param index="16">
              <value>
                <![CDATA[011111111]]>
              </value>
            </param>
          </params>
          <reporter-output>
          </reporter-output>
        </test-method> <!-- testPlaceOrderRegisterBeforeeCheckout -->
        <test-method is-config="true" signature="takeScreenShot(org.testng.ITestResult)[pri:0, instance:Tests.Registerbeforecheckout@4c371370]" started-at="2025-08-14T01:25:56 EEST" name="takeScreenShot" finished-at="2025-08-14T01:25:56 EEST" duration-ms="0" status="PASS">
          <params>
            <param index="0">
              <value>
                <![CDATA[[TestResult name=testPlaceOrderRegisterBeforeeCheckout status=SUCCESS method=Registerbeforecheckout.testPlaceOrderRegisterBeforeeCheckout(java.lang.String,java.lang.String,java.lang.String,java.lang.String,java.lang.String,java.lang.String,java.lang.String,java.lang.String,java.lang.String,java.lang.String,java.lang.String,java.lang.String,java.lang.String,java.lang.String,java.lang.String,java.lang.String,java.lang.String)[pri:0, instance:Tests.Registerbeforecheckout@4c371370] output={null}]]]>
              </value>
            </param>
          </params>
          <reporter-output>
          </reporter-output>
        </test-method> <!-- takeScreenShot -->
        <test-method is-config="true" signature="closeWebSite()[pri:0, instance:Tests.Registerbeforecheckout@4c371370]" started-at="2025-08-14T01:25:56 EEST" name="closeWebSite" finished-at="2025-08-14T01:25:56 EEST" duration-ms="224" status="PASS">
          <reporter-output>
          </reporter-output>
        </test-method> <!-- closeWebSite -->
      </class> <!-- Tests.Registerbeforecheckout -->
    </test> <!-- noRegester -->
    <test started-at="2025-08-14T01:25:56 EEST" name="noLogin" finished-at="2025-08-14T01:26:18 EEST" duration-ms="22474">
      <class name="Tests.LoginBeforeCheckout">
        <test-method is-config="true" signature="openWebSite()[pri:0, instance:Tests.LoginBeforeCheckout@4135c3b]" started-at="2025-08-14T01:25:56 EEST" name="openWebSite" finished-at="2025-08-14T01:25:59 EEST" duration-ms="3729" status="PASS">
          <reporter-output>
          </reporter-output>
        </test-method> <!-- openWebSite -->
        <test-method signature="testPlaceOrderLoginBeforeeCheckout(java.lang.String,java.lang.String)[pri:0, instance:Tests.LoginBeforeCheckout@4135c3b]" started-at="2025-08-14T01:25:59 EEST" name="testPlaceOrderLoginBeforeeCheckout" data-provider="getAData" finished-at="2025-08-14T01:26:18 EEST" duration-ms="18502" status="PASS">
          <params>
            <param index="0">
              <value>
                <![CDATA[abdelrahmanosama7651111@gmail.com]]>
              </value>
            </param>
            <param index="1">
              <value>
                <![CDATA[12345678]]>
              </value>
            </param>
          </params>
          <reporter-output>
          </reporter-output>
        </test-method> <!-- testPlaceOrderLoginBeforeeCheckout -->
        <test-method is-config="true" signature="takeScreenShot(org.testng.ITestResult)[pri:0, instance:Tests.LoginBeforeCheckout@4135c3b]" started-at="2025-08-14T01:26:18 EEST" name="takeScreenShot" finished-at="2025-08-14T01:26:18 EEST" duration-ms="2" status="PASS">
          <params>
            <param index="0">
              <value>
                <![CDATA[[TestResult name=testPlaceOrderLoginBeforeeCheckout status=SUCCESS method=LoginBeforeCheckout.testPlaceOrderLoginBeforeeCheckout(java.lang.String,java.lang.String)[pri:0, instance:Tests.LoginBeforeCheckout@4135c3b] output={null}]]]>
              </value>
            </param>
          </params>
          <reporter-output>
          </reporter-output>
        </test-method> <!-- takeScreenShot -->
        <test-method is-config="true" signature="closeWebSite()[pri:0, instance:Tests.LoginBeforeCheckout@4135c3b]" started-at="2025-08-14T01:26:18 EEST" name="closeWebSite" finished-at="2025-08-14T01:26:18 EEST" duration-ms="235" status="PASS">
          <reporter-output>
          </reporter-output>
        </test-method> <!-- closeWebSite -->
      </class> <!-- Tests.LoginBeforeCheckout -->
    </test> <!-- noLogin -->
    <test started-at="2025-08-14T01:26:18 EEST" name="Dowenload" finished-at="2025-08-14T01:26:49 EEST" duration-ms="30627">
      <class name="Tests.Downloadinvoice">
        <test-method is-config="true" signature="openWebSite()[pri:0, instance:Tests.Downloadinvoice@6f1de4c7]" started-at="2025-08-14T01:26:18 EEST" name="openWebSite" finished-at="2025-08-14T01:26:26 EEST" duration-ms="7298" status="PASS">
          <reporter-output>
          </reporter-output>
        </test-method> <!-- openWebSite -->
        <test-method signature="Downloadinvoice(java.lang.String,java.lang.String,java.lang.String,java.lang.String,java.lang.String,java.lang.String,java.lang.String,java.lang.String,java.lang.String,java.lang.String,java.lang.String,java.lang.String,java.lang.String,java.lang.String,java.lang.String,java.lang.String,java.lang.String)[pri:0, instance:Tests.Downloadinvoice@6f1de4c7]" started-at="2025-08-14T01:26:26 EEST" name="Downloadinvoice" data-provider="getAData" finished-at="2025-08-14T01:26:49 EEST" duration-ms="23006" status="PASS">
          <params>
            <param index="0">
              <value>
                <![CDATA[Mrs]]>
              </value>
            </param>
            <param index="1">
              <value>
                <![CDATA[olaa166232323@gmail.com]]>
              </value>
            </param>
            <param index="2">
              <value>
                <![CDATA[Ola]]>
              </value>
            </param>
            <param index="3">
              <value>
                <![CDATA[yghh66]]>
              </value>
            </param>
            <param index="4">
              <value>
                <![CDATA[4]]>
              </value>
            </param>
            <param index="5">
              <value>
                <![CDATA[June]]>
              </value>
            </param>
            <param index="6">
              <value>
                <![CDATA[2000]]>
              </value>
            </param>
            <param index="7">
              <value>
                <![CDATA[Ola]]>
              </value>
            </param>
            <param index="8">
              <value>
                <![CDATA[Ali]]>
              </value>
            </param>
            <param index="9">
              <value>
                <![CDATA[Future]]>
              </value>
            </param>
            <param index="10">
              <value>
                <![CDATA[90th street]]>
              </value>
            </param>
            <param index="11">
              <value>
                <![CDATA[non]]>
              </value>
            </param>
            <param index="12">
              <value>
                <![CDATA[Canada]]>
              </value>
            </param>
            <param index="13">
              <value>
                <![CDATA[Cairo]]>
              </value>
            </param>
            <param index="14">
              <value>
                <![CDATA[NewCairo]]>
              </value>
            </param>
            <param index="15">
              <value>
                <![CDATA[16690]]>
              </value>
            </param>
            <param index="16">
              <value>
                <![CDATA[011111111]]>
              </value>
            </param>
          </params>
          <reporter-output>
          </reporter-output>
        </test-method> <!-- Downloadinvoice -->
        <test-method is-config="true" signature="takeScreenShot(org.testng.ITestResult)[pri:0, instance:Tests.Downloadinvoice@6f1de4c7]" started-at="2025-08-14T01:26:49 EEST" name="takeScreenShot" finished-at="2025-08-14T01:26:49 EEST" duration-ms="0" status="PASS">
          <params>
            <param index="0">
              <value>
                <![CDATA[[TestResult name=Downloadinvoice status=SUCCESS method=Downloadinvoice.Downloadinvoice(java.lang.String,java.lang.String,java.lang.String,java.lang.String,java.lang.String,java.lang.String,java.lang.String,java.lang.String,java.lang.String,java.lang.String,java.lang.String,java.lang.String,java.lang.String,java.lang.String,java.lang.String,java.lang.String,java.lang.String)[pri:0, instance:Tests.Downloadinvoice@6f1de4c7] output={null}]]]>
              </value>
            </param>
          </params>
          <reporter-output>
          </reporter-output>
        </test-method> <!-- takeScreenShot -->
        <test-method is-config="true" signature="closeWebSite()[pri:0, instance:Tests.Downloadinvoice@6f1de4c7]" started-at="2025-08-14T01:26:49 EEST" name="closeWebSite" finished-at="2025-08-14T01:26:49 EEST" duration-ms="314" status="PASS">
          <reporter-output>
          </reporter-output>
        </test-method> <!-- closeWebSite -->
      </class> <!-- Tests.Downloadinvoice -->
    </test> <!-- Dowenload -->
  </suite> <!-- Suite -->
</testng-results>
