<?xml version="1.0" encoding="UTF-8"?>
<!-- Generated by org.testng.reporters.JUnitXMLReporter -->
<testsuite ignored="0" hostname="LAPTOP-DM5KNK8G" failures="0" tests="4" name="ProductCheacks" time="19.203" errors="0" timestamp="2025-08-13T18:30:16 EEST">
  <testcase classname="Tests.ProducteHappyScenario" name="CheckallFeildAreWorkCorrectly" time="3.614"/>
  <testcase classname="Tests.ProducteHappyScenario" name="CategoryCheck" time="4.569"/>
  <testcase classname="Tests.ProducteHappyScenario" name="checkBrandProducts" time="2.999"/>
  <testcase classname="Tests.ProducteHappyScenario" name="HoverCard" time="1.547"/>
</testsuite> <!-- ProductCheacks -->
